<?xml version="1.0" encoding="UTF-8"?>
<!-- Generated by org.testng.reporters.JUnitReportReporter -->
<testsuite hostname="DESKTOP-DSCC08C" failures="0" tests="3" name="tests.PutPatchDelete" time="2.783" errors="0" timestamp="2023-08-24T23:46:07 EDT" skipped="0">
  <testcase classname="tests.PutPatchDelete" name="putTest" time="2.145"/>
  <testcase classname="tests.PutPatchDelete" name="patchTest" time="0.347"/>
  <testcase classname="tests.PutPatchDelete" name="deleteTest" time="0.291"/>
</testsuite> <!-- tests.PutPatchDelete -->
