<?xml version="1.0" encoding="UTF-8"?>
<!-- Generated by org.testng.reporters.JUnitReportReporter -->
<testsuite hostname="DESKTOP-DSCC08C" failures="0" tests="1" name="tests.SoapXMLRequest" time="3.173" errors="0" timestamp="2023-08-25T23:28:33 EDT" skipped="0">
  <testcase classname="tests.SoapXMLRequest" name="validateSoapXML" time="3.173"/>
</testsuite> <!-- tests.SoapXMLRequest -->
