<?xml version="1.0" encoding="UTF-8"?>
<!-- Generated by org.testng.reporters.JUnitReportReporter -->
<testsuite hostname="DESKTOP-DSCC08C" failures="0" tests="2" name="tests.TestsExamples" time="2.751" errors="0" timestamp="2023-08-24T18:11:48 EDT" skipped="0">
  <testcase classname="tests.TestsExamples" name="Test2_ModifiedGetReq" time="0.930"/>
  <testcase classname="tests.TestsExamples" name="Test1_GetReq" time="1.821"/>
</testsuite> <!-- tests.TestsExamples -->
