<?xml version="1.0" encoding="UTF-8"?>
<!-- Generated by org.testng.reporters.JUnitReportReporter -->
<testsuite hostname="DESKTOP-DSCC08C" failures="0" tests="1" name="tests.JSONSchemaValidator" time="2.496" errors="0" timestamp="2023-08-26T18:34:42 EDT" skipped="0">
  <testcase classname="tests.JSONSchemaValidator" name="get" time="2.496"/>
</testsuite> <!-- tests.JSONSchemaValidator -->
