<?xml version="1.0" encoding="UTF-8"?>
<!-- Generated by org.testng.reporters.JUnitReportReporter -->
<testsuite hostname="DESKTOP-DSCC08C" failures="0" tests="2" name="tests.GetAndPostExamples" time="2.829" errors="0" timestamp="2023-08-24T22:17:25 EDT" skipped="0">
  <testcase classname="tests.GetAndPostExamples" name="postTest" time="0.328"/>
  <testcase classname="tests.GetAndPostExamples" name="getTest" time="2.501"/>
</testsuite> <!-- tests.GetAndPostExamples -->
