<?xml version="1.0" encoding="UTF-8"?>
<!-- Generated by org.testng.reporters.JUnitReportReporter -->
<testsuite hostname="DESKTOP-DSCC08C" failures="0" tests="1" name="tests.TestsOnLocalAPI" time="1.646" errors="0" timestamp="2023-08-25T16:11:26 EDT" skipped="0">
  <testcase classname="tests.TestsOnLocalAPI" name="delete" time="1.646"/>
</testsuite> <!-- tests.TestsOnLocalAPI -->
